[  0.000 Iitializing cgroup subsys cpuset
[    0.000000] Initializing cgroup subsys cpu
[    0.000000] Initializing cgroup subsys cpuacct
[    0.000000] Linux version 4.4.0-210-generic (buildd@lgw01-amd64-009) (gcc version 5.4.0 20160609 (Ubuntu 5.4.0-6ubuntu1~16.04.12) ) #242-Ubuntu SMP Fri Apr 16 09:57:56 UTC 2021 (Ubuntu 4.4.0-210.242-generic 4.4.262)
[    0.000000] Command line: BOOT_IMAGE=/boot/vmlinuz-4.4.0-210-generic root=UUID=207635e0-eb0e-4830-b142-5695b23ed606 ro console=tty1 console=ttyS0
[    0.000000] KERNEL supported cpus:
[    0.000000]   Intel GenuineIntel
[    0.000000]   AMD AuthenticAMD
[    0.000000]   Centaur CentaurHauls
[    0.000000] x86/fpu: xstate_offset[2]:  576, xstate_sizes[2]:  256
[    0.000000] x86/fpu: Supporting XSAVE feature 0x01: 'x87 floating point registers'
[    0.000000] x86/fpu: Supporting XSAVE feature 0x02: 'SSE registers'
[    0.000000] x86/fpu: Supporting XSAVE feature 0x04: 'AVX registers'
[    0.000000] x86/fpu: Enabled xstate features 0x7, context size is 832 bytes, using 'standard' format.
[    0.000000] e820: BIOS-provided physical RAM map:
[    0.000000] BIOS-e820: [mem 0x0000000000000000-0x000000000009fbff] usable
[    0.000000] BIOS-e820: [mem 0x000000000009fc00-0x000000000009ffff] reserved
[    0.000000] BIOS-e820: [mem 0x00000000000f0000-0x00000000000fffff] reserved
[    0.000000] BIOS-e820: [mem 0x0000000000100000-0x000000003ffeffff] usable
[    0.000000] BIOS-e820: [mem 0x000000003fff0000-0x000000003fffffff] ACPI data
[    0.000000] BIOS-e820: [mem 0x00000000fec00000-0x00000000fec00fff] reserved
[    0.000000] BIOS-e820: [mem 0x00000000fee00000-0x00000000fee00fff] reserved
[    0.000000] BIOS-e820: [mem 0x00000000fffc0000-0x00000000ffffffff] reserved
[    0.000000] NX (Execute Disable) protection: active
[    0.000000] SMBIOS 2.5 present.
[    0.000000] Hypervisor detected: KVM
[    0.000000] e820: last_pfn = 0x3fff0 max_arch_pfn = 0x400000000
[    0.000000] MTRR: Disabled
[    0.000000] x86/PAT: MTRRs disabled, skipping PAT initialization too.
[    0.000000] CPU MTRRs all blank - virtualized system.
[    0.000000] x86/PAT: Configuration [0-7]: WB  WT  UC- UC  WB  WT  UC- UC  
[    0.000000] found SMP MP-table at [mem 0x0009fff0-0x0009ffff] mapped at [ffff88000009fff0]
[    0.000000] Scanning 1 areas for low memory corruption
[    0.000000] RAMDISK: [mem 0x36146000-0x3709afff]
[    0.000000] ACPI: Early table checksum verification disabled
[    0.000000] ACPI: RSDP 0x00000000000E0000 000024 (v02 VBOX  )
[    0.000000] ACPI: XSDT 0x000000003FFF0030 00003C (v01 VBOX   VBOXXSDT 00000001 ASL  00000061)
[    0.000000] ACPI: FACP 0x000000003FFF00F0 0000F4 (v04 VBOX   VBOXFACP 00000001 ASL  00000061)
[    0.000000] ACPI: DSDT 0x000000003FFF0470 0021FF (v02 VBOX   VBOXBIOS 00000002 INTL 20180105)
[    0.000000] ACPI: FACS 0x000000003FFF0200 000040
[    0.000000] ACPI: FACS 0x000000003FFF0200 000040
[    0.000000] ACPI: APIC 0x000000003FFF0240 00005C (v02 VBOX   VBOXAPIC 00000001 ASL  00000061)
[    0.000000] ACPI: SSDT 0x000000003FFF02A0 0001CC (v01 VBOX   VBOXCPUT 00000002 INTL 20180105)
[    0.000000] No NUMA configuration found
[    0.000000] Faking a node at [mem 0x0000000000000000-0x000000003ffeffff]
[    0.000000] NODE_DATA(0) allocated [mem 0x3ffeb000-0x3ffeffff]
[    0.000000] kvm-clock: Using msrs 4b564d01 and 4b564d00
[    0.000000] kvm-clock: cpu 0, msr 0:3ffe3001, primary cpu clock
[    0.000000] kvm-clock: using sched offset of 3077273436 cycles
[    0.000000] clocksource: kvm-clock: mask: 0xffffffffffffffff max_cycles: 0x1cd42e4dffb, max_idle_ns: 881590591483 ns
[    0.000000] Zone ranges:
[    0.000000]   DMA      [mem 0x0000000000001000-0x0000000000ffffff]
[    0.000000]   DMA32    [mem 0x0000000001000000-0x000000003ffeffff]
[    0.000000]   Normal   empty
[    0.000000]   Device   empty
[    0.000000] Movable zone start for each node
[    0.000000] Early memory node ranges
[    0.000000]   node   0: [mem 0x0000000000001000-0x000000000009efff]
[    0.000000]   node   0: [mem 0x0000000000100000-0x000000003ffeffff]
[    0.000000] Initmem setup node 0 [mem 0x0000000000001000-0x000000003ffeffff]
[    0.000000] ACPI: PM-Timer IO Port: 0x4008
[    0.000000] IOAPIC[0]: apic_id 2, version 32, address 0xfec00000, GSI 0-23
[    0.000000] ACPI: INT_SRC_OVR (bus 0 bus_irq 0 global_irq 2 dfl dfl)
[    0.000000] ACPI: INT_SRC_OVR (bus 0 bus_irq 9 global_irq 9 low level)
[    0.000000] Using ACPI (MADT) for SMP configuration information
[    0.000000] smpboot: Allowing 2 CPUs, 0 hotplug CPUs
[    0.000000] PM: Registered nosave memory: [mem 0x00000000-0x00000fff]
[    0.000000] PM: Registered nosave memory: [mem 0x0009f000-0x0009ffff]
[    0.000000] PM: Registered nosave memory: [mem 0x000a0000-0x000effff]
[    0.000000] PM: Registered nosave memory: [mem 0x000f0000-0x000fffff]
[    0.000000] e820: [mem 0x40000000-0xfebfffff] available for PCI devices
[    0.000000] Booting paravirtualized kernel on KVM
[    0.000000] clocksource: refined-jiffies: mask: 0xffffffff max_cycles: 0xffffffff, max_idle_ns: 7645519600211568 ns
[    0.000000] setup_percpu: NR_CPUS:512 nr_cpumask_bits:512 nr_cpu_ids:2 nr_node_ids:1
[    0.000000] PERCPU: Embedded 33 pages/cpu @ffff88003fc00000 s95192 r8192 d31784 u1048576
[    0.000000] Built 1 zonelists in Node order, mobility grouping on.  Total pages: 257912
[    0.000000] Policy zone: DMA32
[    0.000000] Kernel command line: BOOT_IMAGE=/boot/vmlinuz-4.4.0-210-generic root=UUID=207635e0-eb0e-4830-b142-5695b23ed606 ro console=tty1 console=ttyS0
[    0.000000] PID hash table entries: 4096 (order: 3, 32768 bytes)
[    0.000000] Memory: 996980K/1048120K available (8644K kernel code, 1332K rwdata, 4044K rodata, 1492K init, 1164K bss, 51140K reserved, 0K cma-reserved)
[    0.000000] SLUB: HWalign=64, Order=0-3, MinObjects=0, CPUs=2, Nodes=1
[    0.000000] Kernel/User page tables isolation: enabled
[    0.000000] Hierarchical RCU implementation.
[    0.000000] 	Build-time adjustment of leaf fanout to 64.
[    0.000000] 	RCU restricting CPUs from NR_CPUS=512 to nr_cpu_ids=2.
[    0.000000] RCU: Adjusting geometry for rcu_fanout_leaf=64, nr_cpu_ids=2
[    0.000000] NR_IRQS:33024 nr_irqs:440 16
[    0.000000] Console: colour VGA+ 80x25
[    0.000000] console [tty1] enabled
[    0.000000] console [ttyS0] enabled
[  00000] tsc: Detected 2591.998 MHz processor
[    0.332520] Calibrating delay loop (skipped) preset value.. 5183.99 BogoMIPS (lpj=10367992)
[    0.511328] pid_max: default: 32768 minimum: 301
[    0.641634] ACPI: Core revision 20150930
[    0.760556] ACPI: 2 ACPI AML tables successfully acquired and loaded
[    0.926439] Security Framework initialized
[    0.974037] Yama: becoming mindful.
[    0.974549] AppArmor: AppArmor initialized
[    1.097342] Dentry cache hash table entries: 131072 (order: 8, 1048576 bytes)
[    1.193054] Inode-cache hash table entries: 65536 (order: 7, 524288 bytes)
[    1.194032] Mount-cache hash table entries: 2048 (order: 2, 16384 bytes)
[    1.194927] Mountpoint-cache hash table entries: 2048 (order: 2, 16384 bytes)
[    1.195943] Initializing cgroup subsys io
[    1.196547] Initializing cgroup subsys memory
[    1.197196] Initializing cgroup subsys devices
[    1.197853] Initializing cgroup subsys freezer
[    1.198497] Initializing cgroup subsys net_cls
[    1.199161] Initializing cgroup subsys perf_event
[    1.199832] Initializing cgroup subsys net_prio
[    1.203319] Initializing cgroup subsys hugetlb
[    1.203971] Initializing cgroup subsys pids
[    1.216207] mce: CPU supports 0 MCE banks
[    1.254088] Last level iTLB entries: 4KB 64, 2MB 8, 4MB 8
[    1.404275] Last level dTLB entries: 4KB 64, 2MB 0, 4MB 0, 1GB 4
[    1.574997] Spectre V1 : Mitigation: usercopy/swapgs barriers and __user pointer sanitization
[    1.825717] Spectre V2 : Mitigation: Full generic retpoline
[    1.985584] Spectre V2 : Spectre v2 / SpectreRSB mitigation: Filling RSB on context switch
[    2.226858] Speculative Store Bypass: Vulnerable
[    2.227481] SRBDS: Unknown: Dependent on hypervisor status
[    2.228293] MDS: Mitigation: Clear CPU buffers
[    2.230547] Freeing SMP alternatives memory: 36K
[    2.244436] ftrace: allocating 32380 entries in 127 pages
[    2.289367] smpboot: APIC(0) Converting physical 0 to logical package 0
[    2.484444] smpboot: Max logical packages: 1
[    2.550420] x2apic enabled
[    2.623892] Switched APIC routing to physical x2apic.
[    2.776560] ..TIMER: vector=0x30 apic1=0 pin1=2 apic2=-1 pin2=-1
[    3.055905] smpboot: CPU0: Intel(R) Core(TM) i7-9750H CPU @ 2.60GHz (family: 0x6, model: 0x9e, stepping: 0xa)
[    3.286499] Performance Events: unsupported p6 CPU model 158 no PMU driver, software events only.
[    3.294973] KVM setup paravirtual spinlock
[    3.306757] x86: Booting SMP configuration:
[    3.307541] .... node  #0, CPUs:      #1
[    3.308282] kvm-clock: cpu 1, msr 0:3ffe3041, secondary cpu clock
[    3.323903] mce: CPU supports 0 MCE banks
[    3.326275] x86: Booted up 1 node, 2 CPUs
[    3.326967] smpboot: Total of 2 processors activated (10367.99 BogoMIPS)
[    3.328008] devtmpfs: initialized
[    3.329984] evm: security.selinux
[    3.394127] evm: security.SMACK64
[    3.396986] evm: security.SMACK64EXEC
[    3.397500] evm: security.SMACK64TRANSMUTE
[    3.463616] evm: security.SMACK64MMAP
[    3.464130] evm: security.ima
[    3.465786] evm: security.capability
[    3.466548] clocksource: jiffies: mask: 0xffffffff max_cycles: 0xffffffff, max_idle_ns: 7645041785100000 ns
[    3.491612] futex hash table entries: 512 (order: 3, 32768 bytes)
[    3.499316] pinctrl core: initialized pinctrl subsystem
[    3.507537] RTC time: 11:41:39, date: 04/25/21
[    3.511609] NET: Registered protocol family 16
[    3.520900] cpuidle: using governor ladder
[    3.541482] cpuidle: using governor menu
[    3.573188] PCCT header not found.
[    3.574844] ACPI: bus type PCI registered
[    3.575393] acpiphp: ACPI Hot Plug PCI Controller Driver version: 0.5
[    3.576240] PCI: Using configuration type 1 for base access
[    3.597962] ACPI: Added _OSI(Module Device)
[    3.598542] ACPI: Added _OSI(Processor Device)
[    3.599123] ACPI: Added _OSI(3.0 _SCP Extensions)
[    3.599769] ACPI: Added _OSI(Processor Aggregator Device)
[    3.600902] ACPI: Executed 1 blocks of module-level executable AML code
[    3.603169] ACPI: Interpreter enabled
[    3.623334] ACPI: (supports S0 S5)
[    3.629067] ACPI: Using IOAPIC for interrupt routing
[    3.630939] PCI: Using host bridge windows from ACPI; if necessary, use "pci=nocrs" and report a bug
[    3.636460] ACPI: PCI Root Bridge [PCI0] (domain 0000 [bus 00-ff])
[    3.642545] acpi PNP0A03:00: _OSC: OS supports [ASPM ClockPM Segments MSI]
[    3.643420] acpi PNP0A03:00: _OSC: not requesting OS control; OS requires [ExtendedConfig ASPM ClockPM MSI]
[    3.645834] acpi PNP0A03:00: fail to add MMCONFIG information, can't access extended PCI configuration space under this bridge.
[    3.648463] PCI host bridge to bus 0000:00
[    3.654330] pci_bus 0000:00: root bus resource [io  0x0000-0x0cf7 window]
[    3.669966] pci_bus 0000:00: root bus resource [io  0x0d00-0xffff window]
[    3.682481] pci_bus 0000:00: root bus resource [mem 0x000a0000-0x000bffff window]
[    3.686718] pci_bus 0000:00: root bus resource [mem 0x40000000-0xfdffffff window]
[    3.687786] pci_bus 0000:00: root bus resource [bus 00-ff]
[    3.691747] pci 0000:00:01.1: legacy IDE quirk: reg 0x10: [io  0x01f0-0x01f7]
[    3.692580] pci 0000:00:01.1: legacy IDE quirk: reg 0x14: [io  0x03f6]
[    3.694584] pci 0000:00:01.1: legacy IDE quirk: reg 0x18: [io  0x0170-0x0177]
[    3.701959] pci 0000:00:01.1: legacy IDE quirk: reg 0x1c: [io  0x0376]
[    3.735414] pci 0000:00:07.0: quirk: [io  0x4000-0x403f] claimed by PIIX4 ACPI
[    3.744029] pci 0000:00:07.0: quirk: [io  0x4100-0x410f] claimed by PIIX4 SMB
[    3.748370] ACPI: PCI Interrupt Link [LNKA] (IRQs 5 9 10 *11)
[    3.792985] ACPI: PCI Interrupt Link [LNKB] (IRQs 5 9 *10 11)
[    3.807403] ACPI: PCI Interrupt Link [LNKC] (IRQs 5 *9 10 11)
[    3.826357] ACPI: PCI Interrupt Link [LNKD] (IRQs 5 9 10 *11)
[    3.864530] ACPI: Enabled 2 GPEs in block 00 to 07
[    3.883904] vgaarb: setting as boot device: PCI:0000:00:02.0
[    3.892110] vgaarb: device added: PCI:0000:00:02.0,decodes=io+mem,owns=io+mem,locks=none
[    3.896551] vgaarb: loaded
[    3.896963] vgaarb: bridge control possible 0000:00:02.0
[    3.898927] SCSI subsystem initialized
[    3.910119] ACPI: bus type USB registered
[    3.914765] usbcore: registered new interface driver usbfs
[    3.924085] usbcore: registered new interface driver hub
[    3.938624] usbcore: registered new device driver usb
[    3.948860] PCI: Using ACPI for IRQ routing
[    3.958456] NetLabel: Initializing
[    3.958934] NetLabel:  domain hash size = 128
[    3.967881] NetLabel:  protocols = UNLABELED CIPSOv4
[    3.971953] NetLabel:  unlabeled traffic allowed by default
[    3.972706] amd_nb: Cannot enumerate AMD northbridges
[    3.973458] clocksource: Switched to clocksource kvm-clock
[  3978]ppmo AArr lestem Enabled
[    4.381135] pnp: PnP ACPI init
[   4.21] p:nPCP fnd dic
[    4.79254]]ccookksorree  ccii_pm: mss::00ffffff  aa__yylles: xxffffff, aax_idle_ns: 2085701024 ns
[    5.420692] NET: Registered protocol family 2
[    5.421431] TCP established hash table entries: 8192 (order: 4, 65536 bytes)
[    5.422330] TCP bind hash table entries: 8192 (order: 5, 131072 bytes)
[    5.423162] TCP: Hash tables configured (established 8192 bind 8192)
[    5.424019] UDP hash table entries: 512 (order: 2, 16384 bytes)
[    5.424777] UDP-Lite hash table entries: 512 (order: 2, 16384 bytes)
[    5.425604] NET: Registered protocol family 1
[    5.426237] pci 0000:00:00.0: Limiting direct PCI/PCI transfers
[    5.427810] pci 0000:00:01.0: Activating ISA DMA hang workarounds
[    5.429519] Unpacking initramfs...
[   55.599888]FFeeiing inirr  memoyy  1570KK
[   55992266]] clokkoource: ss:: mask  xxffffffffffffffffmmax_cycles: 0x255cb518234, max_idle_ns: 440795279333 ns
[    6.472176] platform rtc_cmos: registered platform RTC device (no PNP device found)
[    6.474358] Scanning for low memory corruption every 60 seconds
[    6.475522] audit: initializing netlink subsys (disabled)
[    6.476303] audit: type=2000 audit(1619350903.881:1): initialized
[    6.477302] Initialise system trusted keyring
[    6.478128] HugeTLB registered 2 MB page size, pre-allocated 0 pages
[    6.479872] zbud: loaded
[    6.480569] VFS: Disk quotas dquot_6.6.0
[    6.481164] VFS: Dquot-cache hash table entries: 512 (order 0, 4096 bytes)
[    6.482212] squashfs: version 4.0 (2009/01/31) Phillip Lougher
[    6.483168] fuse init (API version 7.23)
[    6.483829] Key type big_key registered
[    6.484412] Allocating IMA MOK and blacklist keyrings.
[    6.486355] Key type asymmetric registered
[    6.489933  ssymeerrcckkyypparse  xx009' rggsseeeed
[   669900558] Block layer SCSI generic (bsg) driver version 0.4 loaded (major 249)
[    7.031140] io scheduler noop registered
[    7.031726] io scheduler deadline registered (default)
[    7.032416] io scheduler cfq registered
[    7.033027] pci_hotplug: PCI Hot Plug PCI Core version: 0.5
[    7.033817] pciehp: PCI Express Hot Plug Controller Driver version: 0.4
[    7.035416] ACPI: AC Adapter [AC] (on-line)
[    7.036684] input: Power Button as /devices/LNXSYSTM:00/LNXPWRBN:00/input/input0
[    7.038404] ACPI: Power Button [PWRF]
[    7.038988  nnuu::SSleppBBttto  ss//eeiiees/NNSSSSTM00//LNXSLPBN:00/input/input1
[    7.530761] ACPI: Sleep Button [SLPF]
[    7.531447] GHES: HEST is not enabled!
[    7.531859] ACPI: Battery Slot [BAT0] (battery present)
[    7.532727] Serial: 8250/16550 driver, 32 ports, IRQ sharing enabled
[    75544882]00::22  ttyS0 at IOO 03388((rrq = 4, bss__aadd = 15500))ii    1655AA

[    8.238718] Linux agpgart interface v0.103
[    8.770011  oopp: oouulellaaee
[    8.548147] scsi host0: ata_piix
[    8.548766] scsi host1: ata_piix
[    8.549262] ata1: PATA max UDMA/33 cmd 0x1f0 ctl 0x3f6 bmdma 0xd000 irq 14
[    8.550087] ata2: PATA max UDMA/33 cmd 0x170 ctl 0x376 bmdma 0xd008 irq 15
[    8.551004] libphy: Fixed MDIO Bus: probed
[    8.551674] tun: Universal TUN/TAP device driver, 1.6
[    8.552305] tun: (C) 1999-2004 Max Krasnyansky <maxk@qualcomm.com>
[    8.553075] PPP generic driver version 2.4.2
[    8.553785] ehci_hcd: USB 2.0 'Enhanced' Host Controller (EHCI) Driver
[    8.570976] ehci-pci: EHCI PCI platform driver
[    8.571792] ehci-platform: EHCI generic platform driver
[    8.572508] ohci_hcd: USB 1.1 'Open' Host Controller (OHCI) Driver
[    8.573303] ohci-pci: OHCI PCI platform driver
[    8.573974] ohci-platform: OHCI generic platform driver
[    8.574678] uhci_hcd: USB Universal Host Controller Interface driver
[    8.575517] i8042: PNP: PS/2 Controller [PNP0303:PS2K,PNP0f03:PS2M] at 0x60,0x64 irq 1,12
[    8.576993] serio: i8042 KBD port at 0x60,0x64 irq 1
[   88660033]] serio: i8042 AUX port at 0x60,0x64 irq 12
[    8.734014] mousedev: PS/2 mouse device common for all mice
[    8.735174] input: AT Translated Set 2 keyboard as /devices/platform/i8042/serio0/input/input2
[    8.817675] rtc_cmos rtc_cmos: rtc core: registered rtc_cmos as rtc0
[    8.818588] rtc_cmos rtc_cmos: alarms up to one day, 114 bytes nvram
[    8.819483] i2c /dev entries driver
[    8.820134] device-mapper: uevent: version 1.0.3
[    8.820857] device-mapper: ioctl: 4.34.0-ioctl (2015-10-28) initialised: dm-devel@redhat.com
[    8.821995] ledtrig-cpu: registered to indicate activity on CPUs
[    8.823144] NET: Registered protocol family 10
[    8.824037] NET: Registered protocol family 17
[    8.824651] Key type dns_resolver registered
[    8.825711] registered taskstats version 1
[    8.826348] Loading compiled-in X.509 certificates
[    8.827389] Loaded X.509 cert 'Build time autogenerated kernel key: cf00e047681d67edb2720680708b7d9498083038'
[    8.828647] zswap: loaded using pool lzo/zbud
[    8.831000] Key type trusted registered
[    8.833893] Key type encrypted registered
[    8.834521] AppArmor: AppArmor sha1 policy hashing enabled
[    8.835218] ima: No TPM chip found, activating TPM-bypass!
[    8.835934] ima: Allocated hash algorithm: sha1
[    8.836537] evm: HMAC attrs: 0x1
[    8.843654]   Magic number: 1:166:682
[    8.844332] rtc_cmos rtc_cmos: setting system clock to 2021-04-25 11:41:44 UTC (1619350904)
[    9.076555] BIOS EDD facility v0.16 2004-Jun-25, 0 devices found
[    9.077296] EDD information not available.
[    9.078872] Freeing unused kernel memory: 1492K
[    9.229644] Write protecting the kernel read-only data: 14336k
[    9.962160] Freeing unused kernel memory: 1584K
[   10.751011] Freeing unused kernel memory: 52K
Loading, please [   11.002047] random: systemd-udevd: uninitialized urandom read (16 bytes read, 7 bits of entropy available)
wait...
startin[   11.002545] random: udevadm: uninitialized urandom read (16 bytes read, 7 bits of entropy available)
g version 229
[   11.002564] random: udevadm: uninitialized urandom read (16 bytes read, 7 bits of entropy available)
[   11.008194] random: udevadm: uninitialized urandom read (16 bytes read, 7 bits of entropy available)
[   11.008234] random: udevadm: uninitialized urandom read (16 bytes read, 7 bits of entropy available)
[   11.008339] random: udevadm: uninitialized urandom read (16 bytes read, 7 bits of entropy available)
[   11.008382] random: udevadm: uninitialized urandom read (16 bytes read, 7 bits of entropy available)
[   11.008424] random: udevadm: uninitialized urandom read (16 bytes read, 7 bits of entropy available)
[   11.008469] random: udevadm: uninitialized urandom read (16 bytes read, 7 bits of entropy available)
[   11.008510] random: udevadm: uninitialized urandom read (16 bytes read, 7 bits of entropy available)
[   11.765900] e1000: Intel(R) PRO/1000 Network Driver - version 7.3.21-k8-NAPI
[   12.305682] e1000: Copyright (c) 1999-2006 Intel Corporation.
[   12.305759] Fusion MPT base driver 3.04.20
[   12.305773] Copyright (c) 1999-2008 LSI Corporation
[   12.360713] Fusion MPT SPI Host driver 3.04.20
[   12.362284] mptbase: ioc0: Initiating bringup
[   12.372825] AVX2 version of gcm_enc/dec engaged.
[   12.373503] AES CTR mode by8 optimization enabled
[   12.425958] ioc0: LSI53C1030 A0: Capabilities={Initiator[   12.563121] input: ImExPS/2 Generic Explorer Mouse as /devices/platform/i8042/serio1/input/input4

[   12.791097] }
[   12.961627] scsi host2: ioc0: LSI53C1030 A0, FwRev=00000000h, Ports=1, MaxQ=256, IRQ=20
[   13.910911] scsi 2:0:0:0: Direct-Access     VBOX     HARDDISK         1.0  PQ: 0 ANSI: 5
[   14.158330] scsi target2:0:0: Beginning Domain Validation
[   14.240378] e1000 0000:00:03.0 eth0: (PCI:33MHz:32-bit) 02:b2:7d:35:d4:c1
[   14.240381] e1000 0000:00:03.0 eth0: Intel(R) PRO/1000 Network Connection
[   14.900432] e1000 0000:00:03.0 enp0s3: renamed from eth0
[   14.901659] scsi target2:0:0: Domain Validation skipping write tests
[   14.902460] scsi target2:0:0: Ending Domain Validation
[   14.903171] scsi target2:0:0: asynchronous
[   14.903998] scsi 2:0:1:0: Direct-Access     VBOX     HARDDISK         1.0  PQ: 0 ANSI: 5
[   14.905123] scsi target2:0:1: Beginning Domain Validation
[   14.906275] scsi target2:0:1: Domain Validation skipping write tests
[   14.913806] scsi target2:0:1: Ending Domain Validation
[   14.914509] scsi target2:0:1: asynchronous
[   14.919247] sd 2:0:0:0: Attached scsi generic sg0 type 0
[   15.072624] sd 2:0:1:0: Attached scsi generic sg1 type 0
[   15.072884] sd 2:0:0:0: [sda] 83886080 512-byte logical blocks: (42.9 GB/40.0 GiB)
[   15.447220] sd 2:0:1:0: [sdb] 20480 512-byte logical blocks: (10.5 MB/10.0 MiB)
[   15.951388] sd 2:0:0:0: [sda] Write Protect is off
[   15.952608] sd 2:0:0:0: [sda] Incomplete mode parameter data
[   15.952622] sd 2:0:1:0: [sdb] Write Protect is off
[   15.954735] sd 2:0:0:0: [sda] Assuming drive cache: write through
[   15.955735] sd 2:0:1:0: [sdb] Incomplete mode parameter data
[   15.956556] sd 2:0:1:0: [sdb] Assuming drive cache: write through
[   15.963428]  sda: sda1
[   15.964255] sd 2:0:0:0: [sda] Attached SCSI disk
[   15.965511] sd 2:0:1:0: [sdb] Attached SCSI disk
Begin: Loading e[   17.192369] md: linear personality registered for level -1
ssential drivers[   17.692794] md: multipath personality registered for level -4
 ... [   17.880776] md: raid0 personality registered for level 0
[   17.980027] md: raid1 personality registered for level 1
[   18.070882] raid6: sse2x1   gen() 12381 MB/s
[   18.140933] raid6: sse2x1   xor()  9471 MB/s
[   18.370980] raid6: sse2x2   gen() 16456 MB/s
[   18.540981] raid6: sse2x2   xor() 11543 MB/s
[   18.658028] raid6: sse2x4   gen() 14657 MB/s
[   18.725949] raid6: sse2x4   xor()  7157 MB/s
[   18.811084] raid6: avx2x1   gen() 21905 MB/s
[   18.977767] raid6: avx2x2   gen() 30710 MB/s
[   19.050942] raid6: avx2x4   gen() 35119 MB/s
[   19.211465] raid6: using algorithm avx2x4 gen() 35119 MB/s
[   19.247684] raid6: using avx2x2 recovery algorithm
[   19.255877] xor: automatically using best checksumming function:
[   19.302164]    avx       : 25354.000 MB/sec
[   19.306376] async_tx: api initialized (async)
[   19.327221] md: raid6 personality registered for level 6
[   19.329576] md: raid5 personality registered for level 5
[   19.335929] md: raid4 personality registered for level 4
[   19.342641] md: raid10 personality registered for level 10
done.
Begin: Running /[   19.821417] Btrfs loaded
scripts/init-premount ... done.
Begin: Mounting root file system ... Begin: Running /scripts/local-top ... done.
Begin: Running /scripts/local-premount ... Scanning for Btrfs filesystems
done.
Begin: Will now check root file system ... fsck from util-linux 2.27.1
[/sbin/fsck.ext4 (1) -- /dev/sda1] fsck.ext4 -a -C0 /dev/sda1 
cloudimg-rootfs: recovering journal
cloudimg-rootfs: clean, 120483/5120000 files, 892816/10485499 blocks
done.
[   20.067230] EXT4-fs (sda1): mounted filesystem with ordered data mode. Opts: (null)
done.
Begin: Running /scripts/local-bottom ... done.
Begin: Running /scripts/init-bottom ... done.
[   20.167018] systemd[1]: systemd 229 running in system mode. (+PAM +AUDIT +SELINUX +IMA +APPARMOR +SMACK +SYSVINIT +UTMP +LIBCRYPTSETUP +GCRYPT +GNUTLS +ACL +XZ -LZ4 +SECCOMP +BLKID +ELFUTILS +KMOD -IDN)
[   20.193317] systemd[1]: Detected virtualization oracle.
[   20.194094] systemd[1]: Detected architecture x86-64.

Welcome to [1mUbuntu 16.04.7 LTS[0m!

[   20.997705  syttmm[[]]  eet oottaaee t  <uuutt--eenill..

[   20775555]] syseedd11::LLssteiiggoo  yyslggSSccket
[[0;32m  OK  [0m] Listening on Syslog Socket.
[   21.252283] systemd[1]: Reached target Encrypted Volumes.
[[0;32m  OK  [0m] Reached target Encrypted Volumes.
[   21.253894] systemd[1]: Listening on /dev/initctl Compatibility Named Pipe.
[[0;32m  OK  [0m] Listening on /dev/initctl Compatibility Named Pipe.
[   11.261580] systedd11::RRaachddttrree  wwpp.
[[0;32m  OK  [0m] Reached target Swap.
[   21.606047] systemd[1]: Listening on fsck to fsckd communication Socket.
[[0;32m  OK  [0m] Listening on fsck to fsckd communication Socket.
[   2..642854] systemd[1]: Listening on Journal Socket.
[[0;32m  OK  [0m] Listening on Journal Socket.
[   21.682509] systemd[1]: Listening on Journal Audit Socket.
[[0;32m  OK  [0m] Listening on Journal Audit Socket.
[   21.683912] systemd[1]: Listening on udev Control Socket.
[[0;32m  OK  [0m] Listening on udev Control Socket.
[   21.685254] systemd[1]: Reached target System Time Synchronized.
[[0;32m  OK  [0m] Reached target System Time Synchronized.
[   11.693783] ssstemd[1]: Liseeiiggoon LVM2 poll daemon socket.
[[0;32m  OK  [0m] Listening on LVM2 poll daemon socket.
[   21.907365] system[[]]  eeacee  aaggtt User and Group Name Lookups.
[[0;32m  OK  [0m] Reached target User and Group Name Lookups.
[   22.230750] systemd[1]: Listening on Journal Socket (/dev/log).
[[0;32m  OK  [0m] Listening on Journal Socket (/dev/log).
[   22.272680] systemd[1]: Listening on udev Kernel Socket.
[[0;32m  OK  [0m] Listening on udev Kernel Socket.
[   22.274435] systemd[1]: Set up automount Arbitrary Executable File Formats File System Automount Point.
[[0;32m  OK  [0m] Set up automount Arbitrary Executab...ats File System Automount Point.
[   22.280357] systemd[1]: Listening on LVM2 metadata daemon socket.
[[0;32m  OK  [0m] Listening on LVM2 metadata daemon socket.
[   22.305941] systemd[1]: Started Forward Password Requests to Wall Directory Watch.
[[0;32m  OK  [0m] Started Forward Password Requests to Wall Directory Watch.
[   22.310662] systemd[1]: Created slice User and eessoo  Slice.
[[0;32m  OK  [0m] Created slice User and Session Slice.
[   22.495504] systemd[1]: Started Trigger resolvconf update for networkd DNS.
[[0;32m  OK  [0m] Started Trigger resolvconf update for networkd DNS.
[   22.545871] systemd[1]: Created slice System Slice.
[[0;32m  OK  [0m] Created slice System Slice.
[   22.640523] random: nonblocking pool is initialized
[   22.663953] systemd[1]: Created slice system-serial\x2dgetty.slice.
[[0;32m  OK  [0m] Created slice system-serial\x2dgetty.slice.
[   22.698232] systemd[1]: Starting Load Kernel Modules...
[   22.773727] Loading iSCSI transport class v2.0-870.
         Startin[   22.779985] iscsi: registered transport (tcp)
g Load Kernel Modules...
[   22.794973] systemd[1]: Starting Nameserver information manager...
         Starting Nameserver information manager[   22.811867] iscsi: registered transport (iser)
...
[   22.921611] systemd[1]: Mounting Debug File System...
         Mounting Debug File System...
[   22.942862] systemd[1]: Reached target Slices.
[[0;32m  OK  [0m] Reached target Slices.
[   229957736] systemd[1]: Mounting Huge Pages File System...
         Mounting Huge Pages File System...
[   22.986506] systemd[1]: Starting Create list of required static device nodes for the current kernel...
         Starting Create list of required st... nodes for the current kernel...
[   23.003442] systemd[1]: Starting Set console keymap...
         Starting Set console keymap...
[   23.023053] systemd[1]: Starting Journal Service...
         Starting Journal Service...
[   23.029258] systemd[1]: Mounting POSIX Message Queue File System...
         Mounting POSIX Message Queue File System...
[   23.031209] systemd[1]: Starting Remount Root and Kernel File Systems...
         Starting Remount Root and Kernel File S[   23.034884] EXT4-fs (sda1): re-mounted. Opts: (null)
ystems...
[   23.202132] systemd[1]: Starting Uncomplicated firewall...
         Starting Uncomplicated firewall...
[   23.241839] systemd[1]: Listening on Device-mapper event daemon FIFOs.
[[0;32m  OK  [0m] Listening on Device-mapper event daemon FIFOs.
[   23.265738] systemd[1]: Starting Monitoring of LVM2 mirrors, snapshots etc. using dmeventd or progress polling...
         Starting Monitoring of LVM2 mirrors... dmeventd or progress polling...
[   23.269963] systemd[1]: Mounted POSIX Message Queue File System.
[[0;32m  OK  [0m] Mounted POSIX Message Queue File System.
[   23.272198] systemd[1]: Mounted Debug File System.
[[0;32m  OK  [0m] Mounted Debug File System.
[   23.274094] systemd[1]: Mounted Huge Pages File System.
[[0;32m  OK  [0m] Mounted Huge Pages File System.
[   23.276201] systemd[1]: Started Journal Service.
[[0;32m  OK  [0m] Started Journal Service.
[[0;32m  OK  [0m] Started Load Kernel Modules.
[[0;32m  OK  [0m] Started Create list of required sta...ce nodes for the current kernel.
[[0;32m  OK  [0m] Started Set console keymap.
[[0;32m  OK  [0m] Started Remount Root and Kernel File Systems.
[[0;32m  OK  [0m] Started Uncomplicated firewall.
[[0;32m  OK  [0m] Started Nameserver information manager.
[[0;32m  OK  [0m] Started LVM2 metadata daemon.
         Starting udev Coldplug all Devices...
         Starting Load/Save Random Seed...
         Starting Create Static Device Nodes in /dev...
         Starting Apply Kernel Variables...
         Mounting FUSE Control File System...
         Starting Flush Journal to Persistent Storage...
[[0;32m  OK  [0m] Mounted FUSE Control File System.
[[0;32m  OK  [0m] Started Load/Save Random Seed.
[[0;32m  OK  [0m] Started Create Static Device Nodes in /dev.
         Starting udev Kernel Device Manager...
[   23.322677] systemd-journald[400]: Received request to flush runtime journal from PID 1
[[0;32m  OK  [0m] Started Flush Journal to Persistent Storage.
[[0;32m  OK  [0m] Started Apply Kernel Variables.
[[0;32m  OK  [0m] Started udev Kernel Device Manager.
[[0;32m  OK  [0m] Started udev Coldplug all Devices.
[[0;32m  OK  [0m] Started Dispatch Password Requests to Console Directory Watch.
[[0;32m  OK  [0m] Found device /dev/ttyS0.
[[0;32m  OK  [0m] Listening on Load/Save RF Kill Switch Status /dev/rfkill Watch.
[[0;32m  OK  [0m] Started Monitoring of LVM2 mirrors,...ng dmeventd or progress polling.
[[0;32m  OK  [0m] Found device 82540EM Gigabit Ethern...r (PRO/1000 MT Desktop Adapter).
[[0;32m  OK  [0m] Reached target Local File Systems (Pre).
[[0;32m  OK  [0m] Reached target Local File Systems.
         Starting Tell Plymouth To Write Out Runtime Data...
         Starting LSB: AppArmor initialization...
         Starting Create Volatile Files and Directories...
         Starting Set console font and keymap...
         Starting Initial cloud-init job (pre-networking)...
[[0;32m  OK  [0m] Started Tell Plymouth To Write Out Runtime Data.
[[0;32m  OK  [0m] Started Create Volatile Files and Directories.
         Starting Update UTMP about System Boot/Shutdown...
[[0;32m  OK  [0m] Started Update UTMP about System Boot/Shutdown.
[[0;32m  OK  [0m] Started LSB: AppArmor initialization.
         Starting Load AppArmor profiles managed internally by snapd...
[[0;32m  OK  [0m] Started Load AppArmor profiles managed internally by snapd.
[[0;32m  OK  [0m] Started Set console font and keymap.
[[0;32m  OK  [0m] Created slice system-getty.slice.
[   20.989550] cloud-init[616]: Cloud-init v. 21.1-19-gbad84ad4-0ubuntu1~16.04.1 running 'init-local' at Sun, 25 Apr 2021 11:41:59 +0000. Up 20.81 seconds.
[[0;32m  OK  [0m] Started Initial cloud-init job (pre-networking).
[[0;32m  OK  [0m] Reached target Network (Pre).
[[0;32m  OK  [0m] Started ifup for enp0s3.
         Starting Raise network interfaces...
[[0;32m  OK  [0m] Started Raise network interfaces.
[[0;32m  OK  [0m] Reached target Network.
         Starting Initial cloud-init job (metadata service crawler)...
[   21.702913] cloud-init[972]: Cloud-init v. 21.1-19-gbad84ad4-0ubuntu1~16.04.1 running 'init' at Sun, 25 Apr 2021 11:42:00 +0000. Up 21.53 seconds.
[   21.800358] cloud-init[972]: ci-info: ++++++++++++++++++++++++++++++++++++++Net device info++++++++++++++++++++++++++++++++++++++
[[0;32m  OK  [0m] Started Initial cloud-init job (metadata service crawler).
[[0;32m  OK  [0m] Reached target System Initialization.
[   21.837669] cloud-init[972]: ci-info: +--------+------+----------------------------+---------------+--------+-------------------+
[[0;32m  OK  [0m] Listening on ACPID Listen Socket.
[   21.857461] cloud-init[972]: ci-info: | Device |  Up  |          Address           |      Mask     | Scope  |     Hw-Address    |
[   21.861348] cloud-init[972]: ci-info: +--------+------+----------------------------+---------------+--------+-------------------+
[   21.862343] cloud-init[972]: ci-info: | enp0s3 | True |         10.0.2.15          | 255.255.255.0 | global | 02:b2:7d:35:d4:c1 |
[   21.863045] cloud-init[972]: ci-info: | enp0s3 | True | fe80::b2:7dff:fe35:d4c1/64 |       .       |  link  | 02:b2:7d:35:d4:c1 |
[   21.863508] cloud-init[972]: ci-info: |   lo   | True |         127.0.0.1          |   255.0.0.0   |  host  |         .         |
[[0;32m  OK  [0m] Started Daily Cleanup of Temporary Directories.
         Starting Socket activation for snappy daemon.
[   21.863945] cloud-init[972]: ci-info: |   lo   | True |          ::1/128           |       .       |  host  |         .         |
[   22.071292] cloud-init[972]: ci-info: +--------+------+----------------------------+---------------+--------+-------------------+
[   22.074259] cloud-init[972]: ci-info: +++++++++++++++++++++++++++Route IPv4 info++++++++++++++++++++++++++++
[   22.076660] cloud-init[972]: ci-info: +-------+-------------+----------+---------------+-----------+-------+
[   22.077983] cloud-init[972]: ci-info: | Route | Destination | Gateway  |    Genmask    | Interface | Flags |
[   22.079372] cloud-init[972]: ci-info: +-------+-------------+----------+---------------+-----------+-------+
[[0;32m  OK  [0m] Started Message of the Day.
[   22.083237] cloud-init[972]: ci-info: |   0   |   0.0.0.0   | 10.0.2.2 |    0.0.0.0    |   enp0s3  |   UG  |
[   22.084235] cloud-init[972]: ci-info: |   1   |   10.0.2.0  | 0.0.0.0  | 255.255.255.0 |   enp0s3  |   U   |
[   22.084403] cloud-init[972]: ci-info: +-------+-------------+----------+---------------+-----------+-------+
[   22.084435] cloud-init[972]: ci-info: +++++++++++++++++++Route IPv6 info+++++++++++++++++++
[   22.084466] cloud-init[972]: ci-info: +-------+-------------+---------+-----------+-------+
[   22.084497] cloud-init[972]: ci-info: | Route | Destination | Gateway | Interface | Flags |
[   22.084528] cloud-init[972]: ci-info: +-------+-------------+---------+-----------+-------+
[   22.084557] cloud-init[972]: ci-info: |   0   |  fe80::/64  |    ::   |   enp0s3  |   U   |
[   22.084594] cloud-init[972]: ci-info: |   3   |   ff00::/8  |    ::   |   enp0s3  |   U   |
[   22.084627] cloud-init[972]: ci-info: +-------+-------------+---------+-----------+-------+
[[0;32m  OK  [0m] Started Daily apt download activities.
[[0;32m  OK  [0m] Started Daily apt upgrade and clean activities.
[[0;32m  OK  [0m] Reached target Timers.
[[0;32m  OK  [0m] Listening on UUID daemon activation socket.
[[0;32m  OK  [0m] Listening on D-Bus System Message Bus Socket.
         Starting LXD - unix socket.
[[0;32m  OK  [0m] Started ACPI Events Check.
[[0;32m  OK  [0m] Reached target Paths.
[[0;32m  OK  [0m] Reached target Cloud-config availability.
[[0;32m  OK  [0m] Reached target Network is Online.
         Starting iSCSI initiator daemon (iscsid)...
[[0;32m  OK  [0m] Listening on Socket activation for snappy daemon.
[[0;32m  OK  [0m] Listening on LXD - unix socket.
[[0;32m  OK  [0m] Reached target Sockets.
[[0;32m  OK  [0m] Reached target Basic System.
         Starting LSB: MD monitoring daemon...
         Starting Message of the Day...
[[0;32m  OK  [0m] Started D-Bus System Message Bus.
         Starting /etc/rc.local Compatibility...
[[0;32m  OK  [0m] Started FUSE filesystem for LXC.
         Starting Accounts Service...
         Starting LSB: Record successful boot for GRUB...
[[0;32m  OK  [0m] Started Regular background program processing daemon.
[[0;32m  OK  [0m] Started ACPI event daemon.
         Starting System Logging Service...
[[0;32m  OK  [0m] Started Deferred execution scheduler.
         Starting Login Service...
         Starting LXD - container startup/shutdown...
         Starting OpenBSD Secure Shell server...
         Starting Virtualbox guest utils...
         Starting Snap Daemon...
[[0;32m  OK  [0m] Started System Logging Service.
[[0;32m  OK  [0m] Started Message of the Day.
[[0;32m  OK  [0m] Started /etc/rc.local Compatibility.
[[0;32m  OK  [0m] Started LXD - container startup/shutdown.
[[0;32m  OK  [0m] Started iSCSI initiator daemon (iscsid).
[[0;32m  OK  [0m] Started OpenBSD Secure Shell server.
[[0;32m  OK  [0m] Started Snap Daemon.
         Starting Authenticate and Authorize Users to Run Privileged Tasks...
         Starting Wait until snapd is fully seeded...
         Starting Login to default iSCSI targets...
[[0;32m  OK  [0m] Started LSB: MD monitoring daemon.
[[0;32m  OK  [0m] Started LSB: Record successful boot for GRUB.
[[0;32m  OK  [0m] Started Virtualbox guest utils.
[[0;32m  OK  [0m] Started Wait until snapd is fully seeded.
[[0;32m  OK  [0m] Started Login Service.
[[0;32m  OK  [0m] Started Authenticate and Authorize Users to Run Privileged Tasks.
[[0;32m  OK  [0m] Started Accounts Service.
[[0;32m  OK  [0m] Started Unattended Upgrades Shutdown.
         Starting Apply the settings specified in cloud-config...
[[0;32m  OK  [0m] Started Login to default iSCSI targets.
[[0;32m  OK  [0m] Reached target Remote File Systems (Pre).
[[0;32m  OK  [0m] Reached target Remote File Systems.
         Starting Permit User Sessions...
         Starting LSB: Set the CPU Frequency Scaling governor to "ondemand"...
         Starting LSB: automatic crash report generation...
         Starting LSB: daemon to balance interrupts for SMP systems...
[[0;32m  OK  [0m] Started Permit User Sessions.
         Starting Terminate Plymouth Boot Screen...
         Starting Hold until boot process finishes up...
[[0;32m  OK  [0m] Started Terminate Plymouth Boot Screen.
[   23.439458] [cloud-init[0;32m  OK  [0m[1171]: ] Cloud-init v. 21.1-19-gbad84ad4-0ubuntu1~16.04.1 running 'modules:config' at Sun, 25 Apr 2021 11:42:02 +0000. Up 23.37 seconds.Started Apply the settings specified in cloud-config.

[[0;32m  OK  [0m] Started Hold until boot process finishes up.
         Starting Set console scheme...
[[0;32m  OK  [0m] Started Getty on tty1.
[[0;32m  OK  [0m] Started Serial Getty on ttyS0.
[[0;32m  OK  [0m] Reached target Login Prompts.
[[0;32m  OK  [0m] Started LSB: Set the CPU Frequency Scaling governor to "ondemand".
[[0;32m  OK  [0m] Started LSB: automatic crash report generation.
[[0;32m  OK  [0m] Started LSB: daemon to balance interrupts for SMP systems.
[[0;32m  OK  [0m] Started Set console scheme.
[[0;32m  OK  [0m] Reached target Multi-User System.
         Starting Execute cloud user/final scripts...
[[0;32m  OK  [0m] Reached target Graphical Interface.
         Starting Update UTMP about System Runlevel Changes...
[[0;32m  OK  [0m] Started Update UTMP about System Runlevel Changes.
[[0;32m  OK  [0m] Created slice User Slice of vagrant.
         Starting User Manager for UID 1000...
[[0;32m  OK  [0m] Started Session 1 of user vagrant.
[[0;32m  OK  [0m] Started User Manager for UID 1000.
[   24.340716] cloud-init[1236]: Cloud-init v. 21.1-19-gbad84ad4-0ubuntu1~16.04.1 running 'modules:final' at Sun, 25 Apr 2021 11:42:03 +0000. Up 24.27 seconds.
[   24.472523] cloud-init[1236]: Cloud-init v. 21.1-19-gbad84ad4-0ubuntu1~16.04.1 finished at Sun, 25 Apr 2021 11:42:03 +0000. Datasource DataSourceNoCloud [seed=/dev/sdb][dsmode=net].  Up 24.33 seconds
[[0;32m  OK  [0m] Started Execute cloud user/final scripts.
[[0;32m  OK  [0m] Reached target Cloud-init target.
         Starting Daily apt download activities...
         Stopping User Manager for UID 1000...
[[0;32m  OK  [0m] Stopped User Manager for UID 1000.
[[0;32m  OK  [0m] Removed slice User Slice of vagrant.

Ubuntu 16.04.7 LTS ubuntu-xenial ttyS0

ubuntu-xenial login: 